# JRE version: OpenJDK Runtime Environment (11.0.7+10) (build 11.0.7+10-post-Ubuntu-2ubuntu218.04)
# Java VM: OpenJDK 64-Bit Server VM (11.0.7+10-post-Ubuntu-2ubuntu218.04, mixed mode, tiered, compressed oops, g1 gc, linux-amd64)
Heap:
 garbage-first heap   total 229376K, used 32922K [0x0000000085200000, 0x0000000100000000)
  region size 1024K, 4 young (4096K), 2 survivors (2048K)
 Metaspace       used 35324K, capacity 36148K, committed 36252K, reserved 1081344K
  class space    used 3699K, capacity 4019K, committed 4096K, reserved 1048576K
GC Heap History (20 events):
Event: 0,476 GC heap before
{Heap before GC invocations=0 (full 0):
 garbage-first heap   total 126976K, used 14336K [0x0000000085200000, 0x0000000100000000)
  region size 1024K, 14 young (14336K), 0 survivors (0K)
 Metaspace       used 10959K, capacity 11113K, committed 11392K, reserved 1058816K
  class space    used 1087K, capacity 1152K, committed 1152K, reserved 1048576K
}
Event: 0,482 GC heap after
{Heap after GC invocations=1 (full 0):
 garbage-first heap   total 126976K, used 3008K [0x0000000085200000, 0x0000000100000000)
  region size 1024K, 2 young (2048K), 2 survivors (2048K)
 Metaspace       used 10959K, capacity 11113K, committed 11392K, reserved 1058816K
  class space    used 1087K, capacity 1152K, committed 1152K, reserved 1048576K
}
Event: 0,632 GC heap before
{Heap before GC invocations=1 (full 0):
 garbage-first heap   total 126976K, used 13248K [0x0000000085200000, 0x0000000100000000)
  region size 1024K, 12 young (12288K), 2 survivors (2048K)
 Metaspace       used 12395K, capacity 12533K, committed 12672K, reserved 1060864K
  class space    used 1274K, capacity 1348K, committed 1408K, reserved 1048576K
}
Event: 0,637 GC heap after
{Heap after GC invocations=2 (full 0):
 garbage-first heap   total 126976K, used 3568K [0x0000000085200000, 0x0000000100000000)
  region size 1024K, 1 young (1024K), 1 survivors (1024K)
 Metaspace       used 12395K, capacity 12533K, committed 12672K, reserved 1060864K
  class space    used 1274K, capacity 1348K, committed 1408K, reserved 1048576K
}
Event: 1,074 GC heap before
{Heap before GC invocations=2 (full 0):
 garbage-first heap   total 126976K, used 32240K [0x0000000085200000, 0x0000000100000000)
  region size 1024K, 29 young (29696K), 1 survivors (1024K)
 Metaspace       used 17123K, capacity 17356K, committed 17664K, reserved 1064960K
  class space    used 1870K, capacity 1971K, committed 2048K, reserved 1048576K
}
Event: 1,078 GC heap after
{Heap after GC invocations=3 (full 0):
 garbage-first heap   total 126976K, used 4950K [0x0000000085200000, 0x0000000100000000)
  region size 1024K, 2 young (2048K), 2 survivors (2048K)
 Metaspace       used 17123K, capacity 17356K, committed 17664K, reserved 1064960K
  class space    used 1870K, capacity 1971K, committed 2048K, reserved 1048576K
}
Event: 1,650 GC heap before
{Heap before GC invocations=3 (full 0):
 garbage-first heap   total 126976K, used 34646K [0x0000000085200000, 0x0000000100000000)
  region size 1024K, 32 young (32768K), 2 survivors (2048K)
 Metaspace       used 20910K, capacity 21209K, committed 21296K, reserved 1069056K
  class space    used 2278K, capacity 2395K, committed 2432K, reserved 1048576K
}
Event: 1,661 GC heap after
{Heap after GC invocations=4 (full 0):
 garbage-first heap   total 126976K, used 7255K [0x0000000085200000, 0x0000000100000000)
  region size 1024K, 5 young (5120K), 5 survivors (5120K)
 Metaspace       used 20910K, capacity 21209K, committed 21296K, reserved 1069056K
  class space    used 2278K, capacity 2395K, committed 2432K, reserved 1048576K
}
Event: 2,191 GC heap before
{Heap before GC invocations=5 (full 0):
 garbage-first heap   total 126976K, used 56407K [0x0000000085200000, 0x0000000100000000)
  region size 1024K, 53 young (54272K), 5 survivors (5120K)
 Metaspace       used 22025K, capacity 22349K, committed 22704K, reserved 1069056K
  class space    used 2344K, capacity 2472K, committed 2560K, reserved 1048576K
}
Event: 2,214 GC heap after
{Heap after GC invocations=6 (full 0):
 garbage-first heap   total 152576K, used 12800K [0x0000000085200000, 0x0000000100000000)
  region size 1024K, 7 young (7168K), 7 survivors (7168K)
 Metaspace       used 22025K, capacity 22349K, committed 22704K, reserved 1069056K
  class space    used 2344K, capacity 2472K, committed 2560K, reserved 1048576K
}
Event: 2,720 GC heap before
{Heap before GC invocations=6 (full 0):
 garbage-first heap   total 152576K, used 96768K [0x0000000085200000, 0x0000000100000000)
  region size 1024K, 89 young (91136K), 7 survivors (7168K)
 Metaspace       used 22562K, capacity 22898K, committed 23216K, reserved 1071104K
  class space    used 2363K, capacity 2483K, committed 2560K, reserved 1048576K
}
Event: 2,746 GC heap after
{Heap after GC invocations=7 (full 0):
 garbage-first heap   total 152576K, used 20227K [0x0000000085200000, 0x0000000100000000)
  region size 1024K, 12 young (12288K), 12 survivors (12288K)
 Metaspace       used 22562K, capacity 22898K, committed 23216K, reserved 1071104K
  class space    used 2363K, capacity 2483K, committed 2560K, reserved 1048576K
}
Event: 3,437 GC heap before
{Heap before GC invocations=7 (full 0):
 garbage-first heap   total 152576K, used 99075K [0x0000000085200000, 0x0000000100000000)
  region size 1024K, 89 young (91136K), 12 survivors (12288K)
 Metaspace       used 26050K, capacity 26631K, committed 26928K, reserved 1073152K
  class space    used 2738K, capacity 2917K, committed 2944K, reserved 1048576K
}
Event: 3,460 GC heap after
{Heap after GC invocations=8 (full 0):
 garbage-first heap   total 152576K, used 25365K [0x0000000085200000, 0x0000000100000000)
  region size 1024K, 5 young (5120K), 5 survivors (5120K)
 Metaspace       used 26050K, capacity 26631K, committed 26928K, reserved 1073152K
  class space    used 2738K, capacity 2917K, committed 2944K, reserved 1048576K
}
Event: 3,920 GC heap before
{Heap before GC invocations=8 (full 0):
 garbage-first heap   total 152576K, used 108309K [0x0000000085200000, 0x0000000100000000)
  region size 1024K, 85 young (87040K), 5 survivors (5120K)
 Metaspace       used 32101K, capacity 32762K, committed 33072K, reserved 1079296K
  class space    used 3430K, capacity 3666K, committed 3712K, reserved 1048576K
}
Event: 3,930 GC heap after
{Heap after GC invocations=9 (full 0):
 garbage-first heap   total 152576K, used 33792K [0x0000000085200000, 0x0000000100000000)
  region size 1024K, 11 young (11264K), 11 survivors (11264K)
 Metaspace       used 32101K, capacity 32762K, committed 33072K, reserved 1079296K
  class space    used 3430K, capacity 3666K, committed 3712K, reserved 1048576K
}
Event: 4,866 GC heap before
{Heap before GC invocations=9 (full 0):
 garbage-first heap   total 152576K, used 111616K [0x0000000085200000, 0x0000000100000000)
  region size 1024K, 88 young (90112K), 11 survivors (11264K)
 Metaspace       used 34415K, capacity 35074K, committed 35376K, reserved 1081344K
  class space    used 3631K, capacity 3878K, committed 3968K, reserved 1048576K
}
Event: 4,886 GC heap after
{Heap after GC invocations=10 (full 0):
 garbage-first heap   total 229376K, used 38912K [0x0000000085200000, 0x0000000100000000)
  region size 1024K, 11 young (11264K), 11 survivors (11264K)
 Metaspace       used 34415K, capacity 35074K, committed 35376K, reserved 1081344K
  class space    used 3631K, capacity 3878K, committed 3968K, reserved 1048576K
}
Event: 5,043 GC heap before
{Heap before GC invocations=10 (full 0):
 garbage-first heap   total 229376K, used 53248K [0x0000000085200000, 0x0000000100000000)
  region size 1024K, 26 young (26624K), 11 survivors (11264K)
 Metaspace       used 35004K, capacity 35809K, committed 35888K, reserved 1081344K
  class space    used 3677K, capacity 3947K, committed 3968K, reserved 1048576K
}
Event: 5,052 GC heap after
{Heap after GC invocations=11 (full 0):
 garbage-first heap   total 229376K, used 31898K [0x0000000085200000, 0x0000000100000000)
  region size 1024K, 2 young (2048K), 2 survivors (2048K)
 Metaspace       used 35004K, capacity 35809K, committed 35888K, reserved 1081344K
  class space    used 3677K, capacity 3947K, committed 3968K, reserved 1048576K
}

