-------------------------------------------------------------------------------
Test set: com.br.ExpenseControllerTests
-------------------------------------------------------------------------------
Tests run: 4, Failures: 1, Errors: 0, Skipped: 0, Time elapsed: 19.421 s <<< FAILURE! - in com.br.ExpenseControllerTests
findAll  Time elapsed: 0.18 s  <<< FAILURE!
java.lang.AssertionError: Status expected:<200> but was:<404>
	at com.br.ExpenseControllerTests.findAll(ExpenseControllerTests.java:27)

