-------------------------------------------------------------------------------
Test set: com.br.UserControllerTests
-------------------------------------------------------------------------------
Tests run: 5, Failures: 0, Errors: 5, Skipped: 0, Time elapsed: 2.964 s <<< FAILURE! - in com.br.UserControllerTests
delete  Time elapsed: 0 s  <<< ERROR!
java.lang.IllegalStateException: Failed to load ApplicationContext
Caused by: org.springframework.beans.factory.BeanCreationException: 
Error creating bean with name 'userController' defined in file [/home/maicon/Documents/projects/java/spirngbot/Java-Family-Finance/target/classes/com/br/controller/UserController.class]: Bean instantiation via constructor failed; nested exception is org.springframework.beans.BeanInstantiationException: Failed to instantiate [com.br.controller.UserController]: Constructor threw exception; nested exception is java.lang.Error: Unresolved compilation problem: 
	RequestMapping cannot be resolved to a type

Caused by: org.springframework.beans.BeanInstantiationException: 
Failed to instantiate [com.br.controller.UserController]: Constructor threw exception; nested exception is java.lang.Error: Unresolved compilation problem: 
	RequestMapping cannot be resolved to a type

Caused by: java.lang.Error: 
Unresolved compilation problem: 
	RequestMapping cannot be resolved to a type


findAll  Time elapsed: 0 s  <<< ERROR!
java.lang.IllegalStateException: Failed to load ApplicationContext
Caused by: org.springframework.beans.factory.BeanCreationException: 
Error creating bean with name 'userController' defined in file [/home/maicon/Documents/projects/java/spirngbot/Java-Family-Finance/target/classes/com/br/controller/UserController.class]: Bean instantiation via constructor failed; nested exception is org.springframework.beans.BeanInstantiationException: Failed to instantiate [com.br.controller.UserController]: Constructor threw exception; nested exception is java.lang.Error: Unresolved compilation problem: 
	RequestMapping cannot be resolved to a type

Caused by: org.springframework.beans.BeanInstantiationException: 
Failed to instantiate [com.br.controller.UserController]: Constructor threw exception; nested exception is java.lang.Error: Unresolved compilation problem: 
	RequestMapping cannot be resolved to a type

Caused by: java.lang.Error: 
Unresolved compilation problem: 
	RequestMapping cannot be resolved to a type


update  Time elapsed: 0.002 s  <<< ERROR!
java.lang.IllegalStateException: Failed to load ApplicationContext
Caused by: org.springframework.beans.factory.BeanCreationException: 
Error creating bean with name 'userController' defined in file [/home/maicon/Documents/projects/java/spirngbot/Java-Family-Finance/target/classes/com/br/controller/UserController.class]: Bean instantiation via constructor failed; nested exception is org.springframework.beans.BeanInstantiationException: Failed to instantiate [com.br.controller.UserController]: Constructor threw exception; nested exception is java.lang.Error: Unresolved compilation problem: 
	RequestMapping cannot be resolved to a type

Caused by: org.springframework.beans.BeanInstantiationException: 
Failed to instantiate [com.br.controller.UserController]: Constructor threw exception; nested exception is java.lang.Error: Unresolved compilation problem: 
	RequestMapping cannot be resolved to a type

Caused by: java.lang.Error: 
Unresolved compilation problem: 
	RequestMapping cannot be resolved to a type


findById  Time elapsed: 0.003 s  <<< ERROR!
java.lang.IllegalStateException: Failed to load ApplicationContext
Caused by: org.springframework.beans.factory.BeanCreationException: 
Error creating bean with name 'userController' defined in file [/home/maicon/Documents/projects/java/spirngbot/Java-Family-Finance/target/classes/com/br/controller/UserController.class]: Bean instantiation via constructor failed; nested exception is org.springframework.beans.BeanInstantiationException: Failed to instantiate [com.br.controller.UserController]: Constructor threw exception; nested exception is java.lang.Error: Unresolved compilation problem: 
	RequestMapping cannot be resolved to a type

Caused by: org.springframework.beans.BeanInstantiationException: 
Failed to instantiate [com.br.controller.UserController]: Constructor threw exception; nested exception is java.lang.Error: Unresolved compilation problem: 
	RequestMapping cannot be resolved to a type

Caused by: java.lang.Error: 
Unresolved compilation problem: 
	RequestMapping cannot be resolved to a type


save  Time elapsed: 0 s  <<< ERROR!
java.lang.IllegalStateException: Failed to load ApplicationContext
Caused by: org.springframework.beans.factory.BeanCreationException: 
Error creating bean with name 'userController' defined in file [/home/maicon/Documents/projects/java/spirngbot/Java-Family-Finance/target/classes/com/br/controller/UserController.class]: Bean instantiation via constructor failed; nested exception is org.springframework.beans.BeanInstantiationException: Failed to instantiate [com.br.controller.UserController]: Constructor threw exception; nested exception is java.lang.Error: Unresolved compilation problem: 
	RequestMapping cannot be resolved to a type

Caused by: org.springframework.beans.BeanInstantiationException: 
Failed to instantiate [com.br.controller.UserController]: Constructor threw exception; nested exception is java.lang.Error: Unresolved compilation problem: 
	RequestMapping cannot be resolved to a type

Caused by: java.lang.Error: 
Unresolved compilation problem: 
	RequestMapping cannot be resolved to a type


